{
  "RSpec": {
    "coverage": {
      "/Users/Layth/Projects/MakersBnB/MakersBnB/app.rb": [
        1,
        1,
        1,
        null,
        1,
        1,
        1,
        null,
        1,
        null,
        2,
        null,
        null,
        1,
        null,
        1,
        null,
        1,
        null,
        1,
        null,
        null,
        1,
        null,
        1,
        null,
        1,
        null,
        1,
        1,
        null,
        null,
        0,
        null,
        null,
        0,
        null,
        null,
        1,
        null,
        null
      ],
      "/Users/Layth/Projects/MakersBnB/MakersBnB/lib/user.rb": [
        1,
        1,
        null,
        1,
        1,
        null,
        1,
        45,
        45,
        45,
        null,
        null,
        1,
        1,
        1,
        1,
        5,
        null,
        null,
        null,
        1,
        36,
        36,
        36,
        36,
        null,
        null,
        1,
        3,
        3,
        3,
        3,
        2,
        null,
        null,
        1,
        2,
        2,
        2,
        null,
        null,
        1,
        7,
        null,
        null,
        1,
        null,
        1,
        42,
        42,
        null,
        0,
        null,
        null,
        null
      ],
      "/Users/Layth/Projects/MakersBnB/MakersBnB/lib/listing.rb": [
        1,
        null,
        1,
        null,
        1,
        3,
        3,
        null,
        null,
        1,
        2,
        2,
        2,
        null,
        null,
        1,
        2,
        2,
        3,
        null,
        null,
        1,
        null,
        1,
        4,
        4,
        null,
        0,
        null,
        null,
        null
      ],
      "/Users/Layth/Projects/MakersBnB/MakersBnB/Rakefile": [
        1,
        1,
        null,
        null,
        1,
        1,
        1,
        1,
        null,
        null,
        1,
        null,
        0,
        0,
        0,
        0,
        null,
        0,
        0,
        0,
        null,
        null,
        null,
        1,
        null,
        8,
        8,
        null,
        8,
        null,
        8,
        8,
        8,
        8,
        null,
        null,
        1,
        null,
        0,
        0,
        0,
        0,
        0,
        null,
        0,
        0,
        0,
        0,
        null,
        null,
        null,
        null,
        null,
        null,
        1,
        null,
        0,
        0,
        0,
        0,
        0,
        0,
        null,
        null
      ],
      "/Users/Layth/Projects/MakersBnB/MakersBnB/spec/features/testing_infrastructure_spec.rb": [
        1,
        1,
        1,
        1,
        null,
        null,
        null,
        1,
        1,
        1,
        1,
        1,
        1,
        1,
        null,
        null
      ],
      "/Users/Layth/Projects/MakersBnB/MakersBnB/spec/listing_spec.rb": [
        1,
        null,
        1,
        null,
        1,
        1,
        1,
        1,
        1,
        1,
        null,
        null,
        null,
        1,
        1,
        1,
        1,
        null,
        null,
        null,
        null
      ],
      "/Users/Layth/Projects/MakersBnB/MakersBnB/spec/user_spec.rb": [
        1,
        null,
        1,
        1,
        1,
        1,
        1,
        null,
        null,
        null,
        1,
        1,
        1,
        1,
        null,
        1,
        1,
        1,
        null,
        null,
        null,
        1,
        1,
        1,
        1,
        null,
        null,
        null
      ]
    },
    "timestamp": 1531919902
  }
}
