{
  "RSpec": {
    "coverage": {
      "/Users/danieljones/Documents/Projects/week-6/MakersBnB/app.rb": [
        1,
        null,
        1,
        null,
        1,
        1,
        null,
        null,
        1,
        null,
        null
      ],
      "/Users/danieljones/Documents/Projects/week-6/MakersBnB/Rakefile": [
        1,
        1,
        null,
        null,
        1,
        1,
        1,
        1,
        null,
        null,
        1,
        null,
        0,
        0,
        0,
        0,
        null,
        0,
        0,
        null,
        null,
        null,
        null,
        1,
        null,
        4,
        4,
        null,
        4,
        null,
        4,
        4,
        4,
        4,
        null,
        null,
        1,
        null,
        0,
        0,
        0,
        0,
        0,
        null,
        0,
        0,
        0,
        0,
        null,
        null,
        null,
        null,
        null,
        null,
        1,
        null,
        0,
        0,
        0,
        0,
        0,
        0,
        null,
        null
      ],
      "/Users/danieljones/Documents/Projects/week-6/MakersBnB/lib/user.rb": [
        1,
        1,
        null,
        1,
        1,
        null,
        1,
        25,
        25,
        25,
        null,
        null,
        1,
        1,
        1,
        1,
        5,
        null,
        null,
        null,
        1,
        19,
        19,
        19,
        19,
        null,
        null,
        1,
        2,
        2,
        2,
        2,
        1,
        null,
        null,
        1,
        6,
        null,
        null,
        1,
        null,
        1,
        22,
        22,
        null,
        0,
        null,
        null,
        null
      ],
      "/Users/danieljones/Documents/Projects/week-6/MakersBnB/spec/features/testing_infrastructure_spec.rb": [
        1,
        1,
        1,
        1,
        null,
        null
      ],
      "/Users/danieljones/Documents/Projects/week-6/MakersBnB/spec/user_spec.rb": [
        1,
        null,
        1,
        1,
        1,
        1,
        1,
        null,
        null,
        null,
        1,
        1,
        1,
        1,
        null,
        1,
        1,
        1,
        null,
        null,
        null
      ]
    },
    "timestamp": 1531849091
  }
}
